TN:
SF:C:\TFS\dump-car-race\src\polyfills.ts
FNF:0
FNH:0
LF:0
LH:0
BRF:0
BRH:0
end_of_record
TN:
SF:C:\TFS\dump-car-race\src\test.ts
FNF:0
FNH:0
DA:18,1
DA:23,1
DA:25,1
LF:3
LH:3
BRF:0
BRH:0
end_of_record
TN:
SF:C:\TFS\dump-car-race\src\app\app.component.ts
FN:8,(anonymous_0)
FNF:1
FNH:1
FNDA:2,(anonymous_0)
DA:8,1
DA:9,2
LF:2
LH:2
BRF:0
BRH:0
end_of_record
TN:
SF:C:\TFS\dump-car-race\src\app\delete-confirmation\delete-confirmation.component.ts
FN:11,(anonymous_0)
FN:13,(anonymous_1)
FNF:2
FNH:2
FNDA:3,(anonymous_0)
FNDA:5,(anonymous_1)
DA:9,1
DA:11,3
LF:2
LH:2
BRF:0
BRH:0
end_of_record
TN:
SF:C:\TFS\dump-car-race\src\app\member-details\member-details.component.ts
FN:23,(anonymous_0)
FN:25,(anonymous_1)
FN:47,(anonymous_2)
FN:55,(anonymous_3)
FN:57,(anonymous_4)
FN:63,(anonymous_5)
FN:64,(anonymous_6)
FN:68,(anonymous_7)
FN:71,(anonymous_8)
FN:77,(anonymous_9)
FN:83,(anonymous_10)
FNF:11
FNH:11
FNDA:10,(anonymous_0)
FNDA:17,(anonymous_1)
FNDA:17,(anonymous_2)
FNDA:17,(anonymous_3)
FNDA:4,(anonymous_4)
FNDA:17,(anonymous_5)
FNDA:17,(anonymous_6)
FNDA:2,(anonymous_7)
FNDA:1,(anonymous_8)
FNDA:1,(anonymous_9)
FNDA:1,(anonymous_10)
DA:17,1
DA:19,10
DA:23,10
DA:26,17
DA:36,17
DA:37,17
DA:38,17
DA:48,17
DA:49,17
DA:50,4
DA:51,4
DA:53,13
DA:56,17
DA:57,4
DA:58,4
DA:59,4
DA:64,17
DA:65,17
DA:69,2
DA:70,2
DA:71,1
DA:72,1
DA:73,1
DA:77,1
DA:78,1
DA:79,1
DA:84,1
LF:27
LH:27
BRDA:49,0,0,4
BRDA:49,0,1,13
BRDA:56,1,0,4
BRDA:56,1,1,13
BRDA:70,2,0,1
BRDA:70,2,1,1
BRF:6
BRH:6
end_of_record
TN:
SF:C:\TFS\dump-car-race\src\app\members\members.component.ts
FN:16,(anonymous_0)
FN:18,(anonymous_1)
FN:21,(anonymous_2)
FN:22,(anonymous_3)
FN:26,(anonymous_4)
FN:36,(anonymous_5)
FN:47,(anonymous_6)
FN:49,(anonymous_7)
FN:53,(anonymous_8)
FN:56,(anonymous_9)
FNF:10
FNH:10
FNDA:7,(anonymous_0)
FNDA:10,(anonymous_1)
FNDA:10,(anonymous_2)
FNDA:10,(anonymous_3)
FNDA:3,(anonymous_4)
FNDA:3,(anonymous_5)
FNDA:2,(anonymous_6)
FNDA:2,(anonymous_7)
FNDA:1,(anonymous_8)
FNDA:1,(anonymous_9)
DA:13,1
DA:15,7
DA:16,7
DA:19,10
DA:22,10
DA:23,10
DA:28,3
DA:36,3
DA:38,3
DA:39,2
DA:40,2
DA:43,1
DA:49,2
DA:50,2
DA:54,1
DA:57,1
LF:16
LH:16
BRDA:38,0,0,2
BRDA:38,0,1,1
BRF:2
BRH:2
end_of_record
TN:
SF:C:\TFS\dump-car-race\src\app\services\members.service.ts
FN:13,(anonymous_0)
FN:14,(anonymous_1)
FN:15,(anonymous_2)
FN:15,(anonymous_3)
FN:17,(anonymous_4)
FN:18,(anonymous_5)
FN:20,(anonymous_6)
FN:21,(anonymous_7)
FN:23,(anonymous_8)
FN:24,(anonymous_9)
FN:26,(anonymous_10)
FN:27,(anonymous_11)
FNF:12
FNH:12
FNDA:6,(anonymous_0)
FNDA:1,(anonymous_1)
FNDA:1,(anonymous_2)
FNDA:5,(anonymous_3)
FNDA:1,(anonymous_4)
FNDA:1,(anonymous_5)
FNDA:1,(anonymous_6)
FNDA:1,(anonymous_7)
FNDA:1,(anonymous_8)
FNDA:1,(anonymous_9)
FNDA:1,(anonymous_10)
FNDA:1,(anonymous_11)
DA:11,1
DA:12,6
DA:13,6
DA:15,5
DA:18,1
DA:21,1
DA:24,1
DA:27,1
LF:8
LH:8
BRF:0
BRH:0
end_of_record
TN:
SF:C:\TFS\dump-car-race\src\app\services\services.mock.data.ts
FNF:0
FNH:0
DA:1,1
DA:53,1
LF:2
LH:2
BRF:0
BRH:0
end_of_record
TN:
SF:C:\TFS\dump-car-race\src\app\services\teams.service.ts
FN:13,(anonymous_0)
FN:14,(anonymous_1)
FN:15,(anonymous_2)
FN:15,(anonymous_3)
FNF:4
FNH:4
FNDA:2,(anonymous_0)
FNDA:1,(anonymous_1)
FNDA:1,(anonymous_2)
FNDA:5,(anonymous_3)
DA:11,1
DA:12,2
DA:13,2
DA:15,5
LF:4
LH:4
BRF:0
BRH:0
end_of_record
TN:
SF:C:\TFS\dump-car-race\src\app\teaminfo\teaminfo.component.ts
FN:10,(anonymous_0)
FN:12,(anonymous_1)
FNF:2
FNH:2
FNDA:1,(anonymous_0)
FNDA:1,(anonymous_1)
DA:8,1
LF:1
LH:1
BRF:0
BRH:0
end_of_record
TN:
SF:C:\TFS\dump-car-race\src\app\teams\teams.component.ts
FN:10,(anonymous_0)
FN:12,(anonymous_1)
FNF:2
FNH:2
FNDA:1,(anonymous_0)
FNDA:1,(anonymous_1)
DA:8,1
LF:1
LH:1
BRF:0
BRH:0
end_of_record
TN:
SF:C:\TFS\dump-car-race\src\environments\environment.ts
FNF:0
FNH:0
DA:5,1
LF:1
LH:1
BRF:0
BRH:0
end_of_record
